Using pre-set license
Built from '2021.1/staging' branch; Version is '2021.1.13f1 (a03098edbbe0) revision 10498200'; Using compiler version '192528614'; Build Type 'Release'
OS: 'Windows 10 Education; OS build 19043.1348; Version 2009; 64bit' Language: 'en' Physical Memory: 32529 MB
BatchMode: 1, IsHumanControllingUs: 0, StartBugReporterOnCrash: 0, Is64bit: 1, IsPro: 0

 COMMAND LINE ARGUMENTS:
C:\Program Files\Unity\Hub\Editor\2021.1.13f1\Editor\Unity.exe
-adb2
-batchMode
-noUpm
-name
AssetImportWorker0
-projectPath
C:/Users/sclarkelawson/Documents/Personal Projects/Technofeaster
-logFile
Logs/AssetImportWorker0.log
-srvPort
58188
Successfully changed project path to: C:/Users/sclarkelawson/Documents/Personal Projects/Technofeaster
C:/Users/sclarkelawson/Documents/Personal Projects/Technofeaster
Using Asset Import Pipeline V2.
Refreshing native plugins compatible for Editor in 49.34 ms, found 2 plugins.
Preloading 0 native plugins for Editor in 0.00 ms.
Initialize engine version: 2021.1.13f1 (a03098edbbe0)
[Subsystems] Discovering subsystems at path C:/Program Files/Unity/Hub/Editor/2021.1.13f1/Editor/Data/Resources/UnitySubsystems
[Subsystems] Discovering subsystems at path C:/Users/sclarkelawson/Documents/Personal Projects/Technofeaster/Assets
GfxDevice: creating device client; threaded=0; jobified=0
Direct3D:
    Version:  Direct3D 11.0 [level 11.1]
    Renderer: NVIDIA GeForce RTX 2070 (ID=0x1f14)
    Vendor:   NVIDIA
    VRAM:     8031 MB
    Driver:   30.0.14.9613
Initialize mono
Mono path[0] = 'C:/Program Files/Unity/Hub/Editor/2021.1.13f1/Editor/Data/Managed'
Mono path[1] = 'C:/Program Files/Unity/Hub/Editor/2021.1.13f1/Editor/Data/MonoBleedingEdge/lib/mono/unityjit'
Mono config path = 'C:/Program Files/Unity/Hub/Editor/2021.1.13f1/Editor/Data/MonoBleedingEdge/etc'
Using monoOptions --debugger-agent=transport=dt_socket,embedding=1,server=y,suspend=n,address=127.0.0.1:56104
Begin MonoManager ReloadAssembly
Registering precompiled unity dll's ...
Register platform support module: C:/Program Files/Unity/Hub/Editor/2021.1.13f1/Editor/Data/PlaybackEngines/WindowsStandaloneSupport/UnityEditor.WindowsStandalone.Extensions.dll
Registered in 0.001732 seconds.
Native extension for WindowsStandalone target not found
Refreshing native plugins compatible for Editor in 39.00 ms, found 2 plugins.
Preloading 0 native plugins for Editor in 0.00 ms.
Mono: successfully reloaded assembly
- Completed reload, in  1.527 seconds
Domain Reload Profiling:
	ReloadAssembly (1527ms)
		BeginReloadAssembly (47ms)
			ExecutionOrderSort (0ms)
			DisableScriptedObjects (0ms)
			BackupInstance (0ms)
			ReleaseScriptingObjects (0ms)
			CreateAndSetChildDomain (1ms)
		EndReloadAssembly (383ms)
			LoadAssemblies (44ms)
			RebuildTransferFunctionScriptingTraits (0ms)
			SetupTypeCache (159ms)
			ReleaseScriptCaches (0ms)
			RebuildScriptCaches (24ms)
			SetupLoadedEditorAssemblies (159ms)
				LogAssemblyErrors (0ms)
				InitializePlatformSupportModulesInManaged (5ms)
				SetLoadedEditorAssemblies (0ms)
				RefreshPlugins (39ms)
				BeforeProcessingInitializeOnLoad (1ms)
				ProcessInitializeOnLoadAttributes (88ms)
				ProcessInitializeOnLoadMethodAttributes (25ms)
				AfterProcessingInitializeOnLoad (0ms)
				EditorAssembliesLoaded (0ms)
			ExecutionOrderSort2 (0ms)
			AwakeInstancesAfterBackupRestoration (0ms)
Platform modules already initialized, skipping
Registering precompiled user dll's ...
Registered in 0.004595 seconds.
Begin MonoManager ReloadAssembly
Native extension for WindowsStandalone target not found
Refreshing native plugins compatible for Editor in 0.48 ms, found 2 plugins.
Preloading 0 native plugins for Editor in 0.00 ms.
Mono: successfully reloaded assembly
- Completed reload, in  1.050 seconds
Domain Reload Profiling:
	ReloadAssembly (1050ms)
		BeginReloadAssembly (131ms)
			ExecutionOrderSort (0ms)
			DisableScriptedObjects (4ms)
			BackupInstance (0ms)
			ReleaseScriptingObjects (0ms)
			CreateAndSetChildDomain (17ms)
		EndReloadAssembly (861ms)
			LoadAssemblies (79ms)
			RebuildTransferFunctionScriptingTraits (0ms)
			SetupTypeCache (274ms)
			ReleaseScriptCaches (0ms)
			RebuildScriptCaches (45ms)
			SetupLoadedEditorAssemblies (375ms)
				LogAssemblyErrors (0ms)
				InitializePlatformSupportModulesInManaged (4ms)
				SetLoadedEditorAssemblies (0ms)
				RefreshPlugins (1ms)
				BeforeProcessingInitializeOnLoad (56ms)
				ProcessInitializeOnLoadAttributes (299ms)
				ProcessInitializeOnLoadMethodAttributes (9ms)
				AfterProcessingInitializeOnLoad (5ms)
				EditorAssembliesLoaded (0ms)
			ExecutionOrderSort2 (0ms)
			AwakeInstancesAfterBackupRestoration (6ms)
Platform modules already initialized, skipping
========================================================================
Worker process is ready to serve import requests
Launched and connected shader compiler UnityShaderCompiler.exe after 0.06 seconds
Refreshing native plugins compatible for Editor in 0.43 ms, found 2 plugins.
Preloading 0 native plugins for Editor in 0.00 ms.
Unloading 2228 Unused Serialized files (Serialized files now loaded: 0)
System memory in use before: 104.7 MB.
System memory in use after: 104.8 MB.

Unloading 126 unused Assets to reduce memory usage. Loaded Objects now: 2673.
Total: 2.963300 ms (FindLiveObjects: 0.184900 ms CreateObjectMapping: 0.089800 ms MarkObjects: 2.496000 ms  DeleteObjects: 0.191800 ms)

AssetImportParameters requested are different than current active one (requested -> active):
  graphicsApiMask: 131076 -> 4
  custom:framework-win-MediaFoundation: 216162199b28c13a410421893ffa2e32 -> 
  custom:video-decoder-ogg-theora: a1e56fd34408186e4bbccfd4996cb3dc -> 
  custom:container-muxer-webm: aa71ff27fc2769a1b78a27578f13a17b -> 
  custom:container-demuxer-webm: 4f35f7cbe854078d1ac9338744f61a02 -> 
  custom:container-demuxer-ogg: 62fdf1f143b41e24485cea50d1cbac27 -> 
  custom:video-encoder-webm-vp8: eb34c28f22e8b96e1ab97ce403110664 -> 
  custom:video-decoder-webm-vp8: 9c59270c3fd7afecdb556c50c9e8de78 -> 
  custom:audio-decoder-ogg-vorbis: bf7c407c2cedff20999df2af8eb42d56 -> 
  custom:audio-encoder-webm-vorbis: bf7c407c2cedff20999df2af8eb42d56 -> 
========================================================================
Received Import Request.
  path: Assets/Main Camera Profile.asset
  artifactKey: Guid(a2c5621595413ca4a81d437f1d534aff) Importer(815301076,1909f56bfc062723c751e8b465ee728b)
Start importing Assets/Main Camera Profile.asset using Guid(a2c5621595413ca4a81d437f1d534aff) Importer(815301076,1909f56bfc062723c751e8b465ee728b)  -> (artifact id: '6228b3ccb17a2183499376f8a5ae7753') in 0.020245 seconds 
========================================================================
Received Import Request.
  Time since last request: 0.000122 seconds.
  path: Assets/Fade Timeline.playable
  artifactKey: Guid(35778b35d53fe884cb9a1884488e55d8) Importer(815301076,1909f56bfc062723c751e8b465ee728b)
Start importing Assets/Fade Timeline.playable using Guid(35778b35d53fe884cb9a1884488e55d8) Importer(815301076,1909f56bfc062723c751e8b465ee728b)  -> (artifact id: 'f5a6782c63781c8f50583f7870985014') in 0.012463 seconds 
========================================================================
Received Import Request.
  Time since last request: 0.000278 seconds.
  path: Assets/Readme.asset
  artifactKey: Guid(83c2ed844a8c74b779a4c823d16594b1) Importer(815301076,1909f56bfc062723c751e8b465ee728b)
Start importing Assets/Readme.asset using Guid(83c2ed844a8c74b779a4c823d16594b1) Importer(815301076,1909f56bfc062723c751e8b465ee728b)  -> (artifact id: '7354b5bdcad694109f999d8667be3d4b') in 0.008027 seconds 
========================================================================
Received Import Request.
  Time since last request: 4.762178 seconds.
  path: Assets/Scripts
  artifactKey: Guid(2626b9b20a033a646a909ba94f6f5eb1) Importer(815301076,1909f56bfc062723c751e8b465ee728b)
Start importing Assets/Scripts using Guid(2626b9b20a033a646a909ba94f6f5eb1) Importer(815301076,1909f56bfc062723c751e8b465ee728b)  -> (artifact id: '67884ace46083aecb3a273b5a45202bf') in 0.005110 seconds 
========================================================================
Received Import Request.
  Time since last request: 579.306362 seconds.
  path: Assets/Scenes
  artifactKey: Guid(4a4c44fa7c8cc53448888e990da0b132) Importer(815301076,1909f56bfc062723c751e8b465ee728b)
Start importing Assets/Scenes using Guid(4a4c44fa7c8cc53448888e990da0b132) Importer(815301076,1909f56bfc062723c751e8b465ee728b)  -> (artifact id: '670f88f1f3119f9cc1f3eb53889a5a4c') in 0.005175 seconds 
========================================================================
Received Import Request.
  Time since last request: 2.258518 seconds.
  path: Assets/Scenes/Prototype Scene.unity
  artifactKey: Guid(0549a536d607f8b4bab56960434ee009) Importer(815301076,1909f56bfc062723c751e8b465ee728b)
Start importing Assets/Scenes/Prototype Scene.unity using Guid(0549a536d607f8b4bab56960434ee009) Importer(815301076,1909f56bfc062723c751e8b465ee728b)  -> (artifact id: '533a9da218b6b955126464a482f67ffb') in 0.006778 seconds 
========================================================================
Received Import Request.
  Time since last request: 1.578408 seconds.
  path: Assets/Scenes/TestMap.unity
  artifactKey: Guid(9fc0d4010bbf28b4594072e72b8655ab) Importer(815301076,1909f56bfc062723c751e8b465ee728b)
Start importing Assets/Scenes/TestMap.unity using Guid(9fc0d4010bbf28b4594072e72b8655ab) Importer(815301076,1909f56bfc062723c751e8b465ee728b)  -> (artifact id: 'f2f6f94f7045601a00626db2681260ad') in 0.005878 seconds 
========================================================================
Received Import Request.
  Time since last request: 12.858442 seconds.
  path: Assets/Scripts/PlayerController.cs
  artifactKey: Guid(0ef0ae4fc99337f4d81c8905df70ffef) Importer(815301076,1909f56bfc062723c751e8b465ee728b)
Start importing Assets/Scripts/PlayerController.cs using Guid(0ef0ae4fc99337f4d81c8905df70ffef) Importer(815301076,1909f56bfc062723c751e8b465ee728b)  -> (artifact id: '45cb7f1961d53ae442909342b9b715b1') in 0.007205 seconds 
========================================================================
Received Import Request.
  Time since last request: 0.686499 seconds.
  path: Assets/Scripts/PlayerAbilitiesController.cs
  artifactKey: Guid(8b4732bc5a3f68441bab4b8bea083dd8) Importer(815301076,1909f56bfc062723c751e8b465ee728b)
Start importing Assets/Scripts/PlayerAbilitiesController.cs using Guid(8b4732bc5a3f68441bab4b8bea083dd8) Importer(815301076,1909f56bfc062723c751e8b465ee728b)  -> (artifact id: 'f7286d8dd5d164abee15e7218f677f69') in 0.005005 seconds 
========================================================================
Received Import Request.
  Time since last request: 39.052572 seconds.
  path: Assets/Scripts/PlayerAbilitiesController.cs
  artifactKey: Guid(8b4732bc5a3f68441bab4b8bea083dd8) Importer(815301076,1909f56bfc062723c751e8b465ee728b)
Start importing Assets/Scripts/PlayerAbilitiesController.cs using Guid(8b4732bc5a3f68441bab4b8bea083dd8) Importer(815301076,1909f56bfc062723c751e8b465ee728b)  -> (artifact id: '3aa450ff2b3a945eb553c5056d4d7d0a') in 0.001904 seconds 
========================================================================
Received Import Request.
  Time since last request: 7.745561 seconds.
  path: Assets/Scripts/PlayerAbilitiesController.cs
  artifactKey: Guid(8b4732bc5a3f68441bab4b8bea083dd8) Importer(815301076,1909f56bfc062723c751e8b465ee728b)
Start importing Assets/Scripts/PlayerAbilitiesController.cs using Guid(8b4732bc5a3f68441bab4b8bea083dd8) Importer(815301076,1909f56bfc062723c751e8b465ee728b)  -> (artifact id: 'b8586c2b529e808e98322b151bc69de4') in 0.001681 seconds 
========================================================================
Received Import Request.
  Time since last request: 4.270456 seconds.
  path: Assets/Scripts/PlayerAbilitiesController.cs
  artifactKey: Guid(8b4732bc5a3f68441bab4b8bea083dd8) Importer(815301076,1909f56bfc062723c751e8b465ee728b)
Start importing Assets/Scripts/PlayerAbilitiesController.cs using Guid(8b4732bc5a3f68441bab4b8bea083dd8) Importer(815301076,1909f56bfc062723c751e8b465ee728b)  -> (artifact id: '5838b8203dae18135130a846072530a1') in 0.001834 seconds 
========================================================================
Received Import Request.
  Time since last request: 11.344352 seconds.
  path: Assets/Scripts/PlayerAbilitiesController.cs
  artifactKey: Guid(8b4732bc5a3f68441bab4b8bea083dd8) Importer(815301076,1909f56bfc062723c751e8b465ee728b)
Start importing Assets/Scripts/PlayerAbilitiesController.cs using Guid(8b4732bc5a3f68441bab4b8bea083dd8) Importer(815301076,1909f56bfc062723c751e8b465ee728b)  -> (artifact id: 'a67d4b5736acb462297b2a5a4fc8f4db') in 0.001705 seconds 
========================================================================
Received Import Request.
  Time since last request: 17.246203 seconds.
  path: Assets/Scripts/PlayerAbilitiesController.cs
  artifactKey: Guid(8b4732bc5a3f68441bab4b8bea083dd8) Importer(815301076,1909f56bfc062723c751e8b465ee728b)
Start importing Assets/Scripts/PlayerAbilitiesController.cs using Guid(8b4732bc5a3f68441bab4b8bea083dd8) Importer(815301076,1909f56bfc062723c751e8b465ee728b)  -> (artifact id: '6ea17a123c704900e63d3c804e411718') in 0.002065 seconds 
========================================================================
Received Import Request.
  Time since last request: 5.864219 seconds.
  path: Assets/Scripts/PlayerAbilitiesController.cs
  artifactKey: Guid(8b4732bc5a3f68441bab4b8bea083dd8) Importer(815301076,1909f56bfc062723c751e8b465ee728b)
Start importing Assets/Scripts/PlayerAbilitiesController.cs using Guid(8b4732bc5a3f68441bab4b8bea083dd8) Importer(815301076,1909f56bfc062723c751e8b465ee728b)  -> (artifact id: '437b4df4d1f56a0ee129286b91c5ba68') in 0.001701 seconds 
========================================================================
Received Import Request.
  Time since last request: 4.567480 seconds.
  path: Assets/Scripts/PlayerAbilitiesController.cs
  artifactKey: Guid(8b4732bc5a3f68441bab4b8bea083dd8) Importer(815301076,1909f56bfc062723c751e8b465ee728b)
Start importing Assets/Scripts/PlayerAbilitiesController.cs using Guid(8b4732bc5a3f68441bab4b8bea083dd8) Importer(815301076,1909f56bfc062723c751e8b465ee728b)  -> (artifact id: 'ecaf75e152918c24536625c4983b273a') in 0.001630 seconds 
========================================================================
Received Import Request.
  Time since last request: 5.567127 seconds.
  path: Assets/Scripts/PlayerAbilitiesController.cs
  artifactKey: Guid(8b4732bc5a3f68441bab4b8bea083dd8) Importer(815301076,1909f56bfc062723c751e8b465ee728b)
Start importing Assets/Scripts/PlayerAbilitiesController.cs using Guid(8b4732bc5a3f68441bab4b8bea083dd8) Importer(815301076,1909f56bfc062723c751e8b465ee728b)  -> (artifact id: '3a69fc0637cae4e89bcbee79eee0c52d') in 0.002005 seconds 
========================================================================
Received Import Request.
  Time since last request: 6.680333 seconds.
  path: Assets/Scripts/PlayerAbilitiesController.cs
  artifactKey: Guid(8b4732bc5a3f68441bab4b8bea083dd8) Importer(815301076,1909f56bfc062723c751e8b465ee728b)
Start importing Assets/Scripts/PlayerAbilitiesController.cs using Guid(8b4732bc5a3f68441bab4b8bea083dd8) Importer(815301076,1909f56bfc062723c751e8b465ee728b)  -> (artifact id: '1d695b5b58b43cff8f17176482cdef6a') in 0.001848 seconds 
========================================================================
Received Import Request.
  Time since last request: 3.690512 seconds.
  path: Assets/Scripts/PlayerAbilitiesController.cs
  artifactKey: Guid(8b4732bc5a3f68441bab4b8bea083dd8) Importer(815301076,1909f56bfc062723c751e8b465ee728b)
Start importing Assets/Scripts/PlayerAbilitiesController.cs using Guid(8b4732bc5a3f68441bab4b8bea083dd8) Importer(815301076,1909f56bfc062723c751e8b465ee728b)  -> (artifact id: '4365d8d41ceab77c6e2ea2f03248f24b') in 0.001725 seconds 
========================================================================
Received Import Request.
  Time since last request: 3.972580 seconds.
  path: Assets/Scripts/PlayerAbilitiesController.cs
  artifactKey: Guid(8b4732bc5a3f68441bab4b8bea083dd8) Importer(815301076,1909f56bfc062723c751e8b465ee728b)
Start importing Assets/Scripts/PlayerAbilitiesController.cs using Guid(8b4732bc5a3f68441bab4b8bea083dd8) Importer(815301076,1909f56bfc062723c751e8b465ee728b)  -> (artifact id: '707a02695a03ecba569b6575990c5e2b') in 0.002048 seconds 
========================================================================
Received Import Request.
  Time since last request: 4.172991 seconds.
  path: Assets/Scripts/PlayerAbilitiesController.cs
  artifactKey: Guid(8b4732bc5a3f68441bab4b8bea083dd8) Importer(815301076,1909f56bfc062723c751e8b465ee728b)
Start importing Assets/Scripts/PlayerAbilitiesController.cs using Guid(8b4732bc5a3f68441bab4b8bea083dd8) Importer(815301076,1909f56bfc062723c751e8b465ee728b)  -> (artifact id: 'a3b7cf497f2645b566f0028057c265f1') in 0.002216 seconds 
========================================================================
Received Import Request.
  Time since last request: 7.374409 seconds.
  path: Assets/Scripts/PlayerAbilitiesController.cs
  artifactKey: Guid(8b4732bc5a3f68441bab4b8bea083dd8) Importer(815301076,1909f56bfc062723c751e8b465ee728b)
Start importing Assets/Scripts/PlayerAbilitiesController.cs using Guid(8b4732bc5a3f68441bab4b8bea083dd8) Importer(815301076,1909f56bfc062723c751e8b465ee728b)  -> (artifact id: '99bc04bec76297c5a8e586b64fb8249e') in 0.001744 seconds 
========================================================================
Received Import Request.
  Time since last request: 4.768974 seconds.
  path: Assets/Scripts/PlayerAbilitiesController.cs
  artifactKey: Guid(8b4732bc5a3f68441bab4b8bea083dd8) Importer(815301076,1909f56bfc062723c751e8b465ee728b)
Start importing Assets/Scripts/PlayerAbilitiesController.cs using Guid(8b4732bc5a3f68441bab4b8bea083dd8) Importer(815301076,1909f56bfc062723c751e8b465ee728b)  -> (artifact id: '154bb33e633b26b99409c763a34a81b5') in 0.001770 seconds 
========================================================================
Received Import Request.
  Time since last request: 6.270349 seconds.
  path: Assets/Scripts/PlayerAbilitiesController.cs
  artifactKey: Guid(8b4732bc5a3f68441bab4b8bea083dd8) Importer(815301076,1909f56bfc062723c751e8b465ee728b)
Start importing Assets/Scripts/PlayerAbilitiesController.cs using Guid(8b4732bc5a3f68441bab4b8bea083dd8) Importer(815301076,1909f56bfc062723c751e8b465ee728b)  -> (artifact id: '4dd8843f81e0285c147eb90a9635af6d') in 0.001804 seconds 
========================================================================
Received Import Request.
  Time since last request: 13.367774 seconds.
  path: Assets/Scripts/PlayerAbilitiesController.cs
  artifactKey: Guid(8b4732bc5a3f68441bab4b8bea083dd8) Importer(815301076,1909f56bfc062723c751e8b465ee728b)
Start importing Assets/Scripts/PlayerAbilitiesController.cs using Guid(8b4732bc5a3f68441bab4b8bea083dd8) Importer(815301076,1909f56bfc062723c751e8b465ee728b)  -> (artifact id: '3eee03a046d57959fe4570021b597e02') in 0.002149 seconds 
========================================================================
Received Import Request.
  Time since last request: 10.969140 seconds.
  path: ProjectSettings/TagManager.asset
  artifactKey: Guid(00000000000000003000000000000000) Importer(815301076,1909f56bfc062723c751e8b465ee728b)
Start importing ProjectSettings/TagManager.asset using Guid(00000000000000003000000000000000) Importer(815301076,1909f56bfc062723c751e8b465ee728b)  -> (artifact id: '68b23a8758ad72dcd5cf021be36f0ac0') in 0.006960 seconds 
AssetImportWorkerClient::OnTransportError - code=2 error=End of file
